2023-07-14 18:05:18.396 [restartedMain] WARN 
                com.netflix.config.sources.URLConfigurationSource - No URLs will be polled as dynamic configuration sources.
2023-07-14 18:05:18.400 [restartedMain] WARN 
                com.netflix.config.sources.URLConfigurationSource - No URLs will be polled as dynamic configuration sources.
2023-07-18 22:49:45.346 [restartedMain] WARN 
                com.netflix.config.sources.URLConfigurationSource - No URLs will be polled as dynamic configuration sources.
2023-07-18 22:49:45.364 [restartedMain] WARN 
                com.netflix.config.sources.URLConfigurationSource - No URLs will be polled as dynamic configuration sources.
2023-07-18 23:04:13.910 [restartedMain] WARN 
                com.netflix.config.sources.URLConfigurationSource - No URLs will be polled as dynamic configuration sources.
2023-07-18 23:04:13.917 [restartedMain] WARN 
                com.netflix.config.sources.URLConfigurationSource - No URLs will be polled as dynamic configuration sources.
2023-07-18 23:05:11.674 [restartedMain] WARN 
                o.s.b.w.s.c.AnnotationConfigServletWebServerApplicationContext - Exception encountered during context initialization - cancelling refresh attempt: org.springframework.beans.factory.BeanCreationException: Error creating bean with name 'hospitalSetController': Lookup method resolution failed; nested exception is java.lang.IllegalStateException: Failed to introspect Class [com.chen.yygh.hosp.controller.HospitalSetController] from ClassLoader [org.springframework.boot.devtools.restart.classloader.RestartClassLoader@38c9b700]
2023-07-18 23:05:23.822 [restartedMain] WARN 
                com.netflix.config.sources.URLConfigurationSource - No URLs will be polled as dynamic configuration sources.
2023-07-18 23:05:41.744 [restartedMain] WARN 
                com.netflix.config.sources.URLConfigurationSource - No URLs will be polled as dynamic configuration sources.
2023-07-18 23:06:10.182 [restartedMain] WARN 
                com.netflix.config.sources.URLConfigurationSource - No URLs will be polled as dynamic configuration sources.
2023-07-18 23:06:10.186 [restartedMain] WARN 
                com.netflix.config.sources.URLConfigurationSource - No URLs will be polled as dynamic configuration sources.
2023-07-18 23:41:46.929 [restartedMain] WARN 
                com.netflix.config.sources.URLConfigurationSource - No URLs will be polled as dynamic configuration sources.
2023-07-18 23:42:26.432 [restartedMain] WARN 
                com.netflix.config.sources.URLConfigurationSource - No URLs will be polled as dynamic configuration sources.
2023-07-18 23:42:26.439 [restartedMain] WARN 
                com.netflix.config.sources.URLConfigurationSource - No URLs will be polled as dynamic configuration sources.
2023-07-18 23:58:25.135 [http-nio-8201-exec-1] WARN 
                o.s.w.s.m.m.a.ExceptionHandlerExceptionResolver - Resolved [org.springframework.web.HttpRequestMethodNotSupportedException: Request method 'GET' not supported]
2023-07-18 23:59:46.937 [http-nio-8201-exec-6] WARN 
                o.s.w.s.m.m.a.ExceptionHandlerExceptionResolver - Resolved [org.springframework.web.HttpRequestMethodNotSupportedException: Request method 'GET' not supported]
2023-07-19 00:52:49.445 [restartedMain] WARN 
                com.netflix.config.sources.URLConfigurationSource - No URLs will be polled as dynamic configuration sources.
2023-07-19 00:52:49.458 [restartedMain] WARN 
                com.netflix.config.sources.URLConfigurationSource - No URLs will be polled as dynamic configuration sources.
2023-07-19 13:52:46.552 [restartedMain] WARN 
                com.netflix.config.sources.URLConfigurationSource - No URLs will be polled as dynamic configuration sources.
2023-07-19 13:52:46.559 [restartedMain] WARN 
                com.netflix.config.sources.URLConfigurationSource - No URLs will be polled as dynamic configuration sources.
2023-07-19 14:13:21.258 [http-nio-8201-exec-6] WARN 
                o.s.w.s.m.m.a.ExceptionHandlerExceptionResolver - Resolved [org.springframework.web.HttpRequestMethodNotSupportedException: Request method 'GET' not supported]
2023-07-19 17:05:30.373 [restartedMain] WARN 
                com.netflix.config.sources.URLConfigurationSource - No URLs will be polled as dynamic configuration sources.
2023-07-19 17:05:30.377 [restartedMain] WARN 
                com.netflix.config.sources.URLConfigurationSource - No URLs will be polled as dynamic configuration sources.
2023-07-19 20:43:52.987 [restartedMain] WARN 
                org.mybatis.spring.mapper.ClassPathMapperScanner - No MyBatis mapper was found in '[jw.hospital.cmn.mapper]' package. Please check your configuration.
2023-07-19 20:43:54.250 [restartedMain] WARN 
                o.s.b.w.s.c.AnnotationConfigServletWebServerApplicationContext - Exception encountered during context initialization - cancelling refresh attempt: org.springframework.beans.factory.UnsatisfiedDependencyException: Error creating bean with name 'dictController': Unsatisfied dependency expressed through field 'dictService'; nested exception is org.springframework.beans.factory.UnsatisfiedDependencyException: Error creating bean with name 'dictServiceImpl': Unsatisfied dependency expressed through field 'baseMapper'; nested exception is org.springframework.beans.factory.NoSuchBeanDefinitionException: No qualifying bean of type 'com.chen.yygh.cmn.mapper.DictMapper' available: expected at least 1 bean which qualifies as autowire candidate. Dependency annotations: {@org.springframework.beans.factory.annotation.Autowired(required=true)}
2023-07-19 20:46:59.292 [restartedMain] WARN 
                org.mybatis.spring.mapper.ClassPathMapperScanner - No MyBatis mapper was found in '[jw.hospital.cmn.mapper]' package. Please check your configuration.
2023-07-19 20:47:01.480 [restartedMain] WARN 
                o.s.b.w.s.c.AnnotationConfigServletWebServerApplicationContext - Exception encountered during context initialization - cancelling refresh attempt: org.springframework.beans.factory.UnsatisfiedDependencyException: Error creating bean with name 'dictController': Unsatisfied dependency expressed through field 'dictService'; nested exception is org.springframework.beans.factory.UnsatisfiedDependencyException: Error creating bean with name 'dictServiceImpl': Unsatisfied dependency expressed through field 'baseMapper'; nested exception is org.springframework.beans.factory.NoSuchBeanDefinitionException: No qualifying bean of type 'com.chen.yygh.cmn.mapper.DictMapper' available: expected at least 1 bean which qualifies as autowire candidate. Dependency annotations: {@org.springframework.beans.factory.annotation.Autowired(required=true)}
2023-07-19 20:49:47.267 [restartedMain] WARN 
                org.mybatis.spring.mapper.ClassPathMapperScanner - No MyBatis mapper was found in '[jw.hospital.cmn.mapper]' package. Please check your configuration.
2023-07-19 20:49:48.581 [restartedMain] WARN 
                o.s.b.w.s.c.AnnotationConfigServletWebServerApplicationContext - Exception encountered during context initialization - cancelling refresh attempt: org.springframework.beans.factory.UnsatisfiedDependencyException: Error creating bean with name 'dictController': Unsatisfied dependency expressed through field 'dictService'; nested exception is org.springframework.beans.factory.UnsatisfiedDependencyException: Error creating bean with name 'dictServiceImpl': Unsatisfied dependency expressed through field 'baseMapper'; nested exception is org.springframework.beans.factory.NoSuchBeanDefinitionException: No qualifying bean of type 'com.chen.yygh.cmn.mapper.DictMapper' available: expected at least 1 bean which qualifies as autowire candidate. Dependency annotations: {@org.springframework.beans.factory.annotation.Autowired(required=true)}
2023-07-19 20:51:31.075 [restartedMain] WARN 
                org.mybatis.spring.mapper.ClassPathMapperScanner - No MyBatis mapper was found in '[jw.hospital.cmn.mapper]' package. Please check your configuration.
2023-07-19 20:51:31.927 [restartedMain] WARN 
                o.s.b.w.s.c.AnnotationConfigServletWebServerApplicationContext - Exception encountered during context initialization - cancelling refresh attempt: org.springframework.beans.factory.UnsatisfiedDependencyException: Error creating bean with name 'dictController': Unsatisfied dependency expressed through field 'dictService'; nested exception is org.springframework.beans.factory.UnsatisfiedDependencyException: Error creating bean with name 'dictServiceImpl': Unsatisfied dependency expressed through field 'baseMapper'; nested exception is org.springframework.beans.factory.NoSuchBeanDefinitionException: No qualifying bean of type 'com.chen.yygh.cmn.mapper.DictMapper' available: expected at least 1 bean which qualifies as autowire candidate. Dependency annotations: {@org.springframework.beans.factory.annotation.Autowired(required=true)}
2023-07-19 20:53:14.084 [restartedMain] WARN 
                org.mybatis.spring.mapper.ClassPathMapperScanner - No MyBatis mapper was found in '[jw.hospital.cmn.mapper]' package. Please check your configuration.
2023-07-19 20:53:14.872 [restartedMain] WARN 
                o.s.b.w.s.c.AnnotationConfigServletWebServerApplicationContext - Exception encountered during context initialization - cancelling refresh attempt: org.springframework.beans.factory.UnsatisfiedDependencyException: Error creating bean with name 'dictController': Unsatisfied dependency expressed through field 'dictService'; nested exception is org.springframework.beans.factory.UnsatisfiedDependencyException: Error creating bean with name 'dictServiceImpl': Unsatisfied dependency expressed through field 'baseMapper'; nested exception is org.springframework.beans.factory.NoSuchBeanDefinitionException: No qualifying bean of type 'com.chen.yygh.cmn.mapper.DictMapper' available: expected at least 1 bean which qualifies as autowire candidate. Dependency annotations: {@org.springframework.beans.factory.annotation.Autowired(required=true)}
2023-07-19 20:54:19.407 [restartedMain] WARN 
                org.mybatis.spring.mapper.ClassPathMapperScanner - No MyBatis mapper was found in '[jw.hospital.cmn.mapper]' package. Please check your configuration.
2023-07-19 20:54:20.156 [restartedMain] WARN 
                o.s.b.w.s.c.AnnotationConfigServletWebServerApplicationContext - Exception encountered during context initialization - cancelling refresh attempt: org.springframework.beans.factory.UnsatisfiedDependencyException: Error creating bean with name 'dictController': Unsatisfied dependency expressed through field 'dictService'; nested exception is org.springframework.beans.factory.UnsatisfiedDependencyException: Error creating bean with name 'dictServiceImpl': Unsatisfied dependency expressed through field 'baseMapper'; nested exception is org.springframework.beans.factory.NoSuchBeanDefinitionException: No qualifying bean of type 'com.chen.yygh.cmn.mapper.DictMapper' available: expected at least 1 bean which qualifies as autowire candidate. Dependency annotations: {@org.springframework.beans.factory.annotation.Autowired(required=true)}
2023-07-19 21:00:20.148 [restartedMain] WARN 
                org.mybatis.spring.mapper.ClassPathMapperScanner - No MyBatis mapper was found in '[com.chen.cmn.mapper]' package. Please check your configuration.
2023-07-19 21:00:20.900 [restartedMain] WARN 
                o.s.b.w.s.c.AnnotationConfigServletWebServerApplicationContext - Exception encountered during context initialization - cancelling refresh attempt: org.springframework.beans.factory.UnsatisfiedDependencyException: Error creating bean with name 'dictController': Unsatisfied dependency expressed through field 'dictService'; nested exception is org.springframework.beans.factory.UnsatisfiedDependencyException: Error creating bean with name 'dictServiceImpl': Unsatisfied dependency expressed through field 'baseMapper'; nested exception is org.springframework.beans.factory.NoSuchBeanDefinitionException: No qualifying bean of type 'com.chen.yygh.cmn.mapper.DictMapper' available: expected at least 1 bean which qualifies as autowire candidate. Dependency annotations: {@org.springframework.beans.factory.annotation.Autowired(required=true)}
2023-07-19 21:03:14.752 [restartedMain] WARN 
                org.mybatis.spring.mapper.ClassPathMapperScanner - No MyBatis mapper was found in '[com.chen.cmn.mapper]' package. Please check your configuration.
2023-07-19 21:03:15.489 [restartedMain] WARN 
                o.s.b.w.s.c.AnnotationConfigServletWebServerApplicationContext - Exception encountered during context initialization - cancelling refresh attempt: org.springframework.beans.factory.UnsatisfiedDependencyException: Error creating bean with name 'dictController': Unsatisfied dependency expressed through field 'dictService'; nested exception is org.springframework.beans.factory.UnsatisfiedDependencyException: Error creating bean with name 'dictServiceImpl': Unsatisfied dependency expressed through field 'baseMapper'; nested exception is org.springframework.beans.factory.NoSuchBeanDefinitionException: No qualifying bean of type 'com.chen.yygh.cmn.mapper.DictMapper' available: expected at least 1 bean which qualifies as autowire candidate. Dependency annotations: {@org.springframework.beans.factory.annotation.Autowired(required=true)}
2023-07-19 21:04:34.822 [restartedMain] WARN 
                com.netflix.config.sources.URLConfigurationSource - No URLs will be polled as dynamic configuration sources.
2023-07-19 21:04:34.826 [restartedMain] WARN 
                com.netflix.config.sources.URLConfigurationSource - No URLs will be polled as dynamic configuration sources.
2023-07-19 21:04:34.954 [restartedMain] WARN 
                o.s.b.d.autoconfigure.OptionalLiveReloadServer - Unable to start LiveReload server
2023-07-19 21:05:49.719 [restartedMain] WARN 
                com.netflix.config.sources.URLConfigurationSource - No URLs will be polled as dynamic configuration sources.
2023-07-19 21:05:49.723 [restartedMain] WARN 
                com.netflix.config.sources.URLConfigurationSource - No URLs will be polled as dynamic configuration sources.
2023-07-19 21:05:49.849 [restartedMain] WARN 
                o.s.b.d.autoconfigure.OptionalLiveReloadServer - Unable to start LiveReload server
2023-07-19 21:12:19.530 [restartedMain] WARN 
                com.netflix.config.sources.URLConfigurationSource - No URLs will be polled as dynamic configuration sources.
2023-07-19 21:12:19.535 [restartedMain] WARN 
                com.netflix.config.sources.URLConfigurationSource - No URLs will be polled as dynamic configuration sources.
2023-07-19 21:12:19.690 [restartedMain] WARN 
                o.s.b.d.autoconfigure.OptionalLiveReloadServer - Unable to start LiveReload server
2023-07-19 21:17:34.000 [restartedMain] WARN 
                com.netflix.config.sources.URLConfigurationSource - No URLs will be polled as dynamic configuration sources.
2023-07-19 21:17:34.004 [restartedMain] WARN 
                com.netflix.config.sources.URLConfigurationSource - No URLs will be polled as dynamic configuration sources.
2023-07-19 21:17:34.145 [restartedMain] WARN 
                o.s.b.d.autoconfigure.OptionalLiveReloadServer - Unable to start LiveReload server
2023-07-19 21:23:38.992 [restartedMain] WARN 
                com.netflix.config.sources.URLConfigurationSource - No URLs will be polled as dynamic configuration sources.
2023-07-19 21:23:38.996 [restartedMain] WARN 
                com.netflix.config.sources.URLConfigurationSource - No URLs will be polled as dynamic configuration sources.
2023-07-19 21:23:39.121 [restartedMain] WARN 
                o.s.b.d.autoconfigure.OptionalLiveReloadServer - Unable to start LiveReload server
2023-07-19 21:24:43.780 [restartedMain] WARN 
                com.netflix.config.sources.URLConfigurationSource - No URLs will be polled as dynamic configuration sources.
2023-07-19 21:24:43.785 [restartedMain] WARN 
                com.netflix.config.sources.URLConfigurationSource - No URLs will be polled as dynamic configuration sources.
2023-07-19 21:24:43.927 [restartedMain] WARN 
                o.s.b.d.autoconfigure.OptionalLiveReloadServer - Unable to start LiveReload server
2023-07-19 21:31:49.129 [restartedMain] WARN 
                com.netflix.config.sources.URLConfigurationSource - No URLs will be polled as dynamic configuration sources.
2023-07-19 21:31:49.134 [restartedMain] WARN 
                com.netflix.config.sources.URLConfigurationSource - No URLs will be polled as dynamic configuration sources.
2023-07-19 21:31:49.271 [restartedMain] WARN 
                o.s.b.d.autoconfigure.OptionalLiveReloadServer - Unable to start LiveReload server
2023-07-19 21:33:28.969 [restartedMain] WARN 
                com.netflix.config.sources.URLConfigurationSource - No URLs will be polled as dynamic configuration sources.
2023-07-19 21:33:28.973 [restartedMain] WARN 
                com.netflix.config.sources.URLConfigurationSource - No URLs will be polled as dynamic configuration sources.
2023-07-19 21:33:29.185 [restartedMain] WARN 
                o.s.b.d.autoconfigure.OptionalLiveReloadServer - Unable to start LiveReload server
2023-07-19 21:35:30.884 [restartedMain] WARN 
                com.netflix.config.sources.URLConfigurationSource - No URLs will be polled as dynamic configuration sources.
2023-07-19 21:35:30.888 [restartedMain] WARN 
                com.netflix.config.sources.URLConfigurationSource - No URLs will be polled as dynamic configuration sources.
2023-07-19 21:35:31.015 [restartedMain] WARN 
                o.s.b.d.autoconfigure.OptionalLiveReloadServer - Unable to start LiveReload server
2023-07-19 21:43:56.621 [main] WARN 
                com.netflix.config.sources.URLConfigurationSource - No URLs will be polled as dynamic configuration sources.
2023-07-19 21:43:56.625 [main] WARN 
                com.netflix.config.sources.URLConfigurationSource - No URLs will be polled as dynamic configuration sources.
2023-07-19 21:43:59.463 [main] WARN 
                com.netflix.config.sources.URLConfigurationSource - No URLs will be polled as dynamic configuration sources.
2023-07-19 21:43:59.467 [main] WARN 
                com.netflix.config.sources.URLConfigurationSource - No URLs will be polled as dynamic configuration sources.
2023-07-19 21:46:58.383 [main] WARN 
                com.netflix.config.sources.URLConfigurationSource - No URLs will be polled as dynamic configuration sources.
2023-07-19 21:46:58.386 [main] WARN 
                com.netflix.config.sources.URLConfigurationSource - No URLs will be polled as dynamic configuration sources.
2023-07-19 21:47:42.373 [main] WARN 
                com.netflix.config.sources.URLConfigurationSource - No URLs will be polled as dynamic configuration sources.
2023-07-19 21:47:42.377 [main] WARN 
                com.netflix.config.sources.URLConfigurationSource - No URLs will be polled as dynamic configuration sources.
2023-07-19 21:51:44.778 [main] WARN 
                o.s.b.w.s.c.AnnotationConfigServletWebServerApplicationContext - Exception encountered during context initialization - cancelling refresh attempt: org.springframework.beans.factory.UnsatisfiedDependencyException: Error creating bean with name 'dictController': Unsatisfied dependency expressed through field 'dictService'; nested exception is org.springframework.beans.factory.BeanCreationException: Error creating bean with name 'dictServiceImpl': Lookup method resolution failed; nested exception is java.lang.IllegalStateException: Failed to introspect Class [com.chen.yygh.cmn.service.impl.DictServiceImpl] from ClassLoader [sun.misc.Launcher$AppClassLoader@18b4aac2]
2023-07-19 21:52:35.169 [main] WARN 
                o.s.b.w.s.c.AnnotationConfigServletWebServerApplicationContext - Exception encountered during context initialization - cancelling refresh attempt: org.springframework.beans.factory.UnsatisfiedDependencyException: Error creating bean with name 'dictController': Unsatisfied dependency expressed through field 'dictService'; nested exception is org.springframework.beans.factory.BeanCreationException: Error creating bean with name 'dictServiceImpl': Lookup method resolution failed; nested exception is java.lang.IllegalStateException: Failed to introspect Class [com.chen.yygh.cmn.service.impl.DictServiceImpl] from ClassLoader [sun.misc.Launcher$AppClassLoader@18b4aac2]
2023-07-19 21:54:34.420 [main] WARN 
                com.netflix.config.sources.URLConfigurationSource - No URLs will be polled as dynamic configuration sources.
2023-07-19 21:54:34.424 [main] WARN 
                com.netflix.config.sources.URLConfigurationSource - No URLs will be polled as dynamic configuration sources.
2023-07-19 22:02:33.143 [main] WARN 
                com.netflix.config.sources.URLConfigurationSource - No URLs will be polled as dynamic configuration sources.
2023-07-19 22:02:33.146 [main] WARN 
                com.netflix.config.sources.URLConfigurationSource - No URLs will be polled as dynamic configuration sources.
2023-07-19 22:03:55.161 [restartedMain] WARN 
                com.netflix.config.sources.URLConfigurationSource - No URLs will be polled as dynamic configuration sources.
2023-07-19 22:03:55.165 [restartedMain] WARN 
                com.netflix.config.sources.URLConfigurationSource - No URLs will be polled as dynamic configuration sources.
2023-07-19 22:03:57.863 [restartedMain] WARN 
                com.netflix.config.sources.URLConfigurationSource - No URLs will be polled as dynamic configuration sources.
2023-07-19 22:03:57.866 [restartedMain] WARN 
                com.netflix.config.sources.URLConfigurationSource - No URLs will be polled as dynamic configuration sources.
2023-07-19 22:03:57.992 [restartedMain] WARN 
                o.s.b.d.autoconfigure.OptionalLiveReloadServer - Unable to start LiveReload server
2023-07-19 22:06:25.489 [restartedMain] WARN 
                com.netflix.config.sources.URLConfigurationSource - No URLs will be polled as dynamic configuration sources.
2023-07-19 22:06:25.492 [restartedMain] WARN 
                com.netflix.config.sources.URLConfigurationSource - No URLs will be polled as dynamic configuration sources.
2023-07-19 22:08:49.235 [restartedMain] WARN 
                com.netflix.config.sources.URLConfigurationSource - No URLs will be polled as dynamic configuration sources.
2023-07-19 22:08:49.239 [restartedMain] WARN 
                com.netflix.config.sources.URLConfigurationSource - No URLs will be polled as dynamic configuration sources.
2023-07-19 22:09:45.740 [restartedMain] WARN 
                org.mybatis.spring.mapper.ClassPathMapperScanner - No MyBatis mapper was found in '[com.chen.yygh.hosp]' package. Please check your configuration.
2023-07-19 22:09:45.974 [restartedMain] WARN 
                com.netflix.config.sources.URLConfigurationSource - No URLs will be polled as dynamic configuration sources.
2023-07-19 22:11:28.841 [restartedMain] WARN 
                com.netflix.config.sources.URLConfigurationSource - No URLs will be polled as dynamic configuration sources.
2023-07-19 22:11:28.845 [restartedMain] WARN 
                com.netflix.config.sources.URLConfigurationSource - No URLs will be polled as dynamic configuration sources.
2023-07-19 22:15:57.161 [restartedMain] WARN 
                com.netflix.config.sources.URLConfigurationSource - No URLs will be polled as dynamic configuration sources.
2023-07-19 22:15:57.165 [restartedMain] WARN 
                com.netflix.config.sources.URLConfigurationSource - No URLs will be polled as dynamic configuration sources.
2023-07-19 22:22:03.059 [restartedMain] WARN 
                com.netflix.config.sources.URLConfigurationSource - No URLs will be polled as dynamic configuration sources.
2023-07-19 22:22:03.064 [restartedMain] WARN 
                com.netflix.config.sources.URLConfigurationSource - No URLs will be polled as dynamic configuration sources.
2023-07-19 22:55:45.976 [restartedMain] WARN 
                com.netflix.config.sources.URLConfigurationSource - No URLs will be polled as dynamic configuration sources.
2023-07-19 22:55:45.980 [restartedMain] WARN 
                com.netflix.config.sources.URLConfigurationSource - No URLs will be polled as dynamic configuration sources.
2023-07-19 22:55:46.103 [restartedMain] WARN 
                o.s.b.d.autoconfigure.OptionalLiveReloadServer - Unable to start LiveReload server
2023-07-19 22:58:05.196 [restartedMain] WARN 
                com.netflix.config.sources.URLConfigurationSource - No URLs will be polled as dynamic configuration sources.
2023-07-19 22:58:05.202 [restartedMain] WARN 
                com.netflix.config.sources.URLConfigurationSource - No URLs will be polled as dynamic configuration sources.
2023-07-19 22:58:05.322 [restartedMain] WARN 
                o.s.b.d.autoconfigure.OptionalLiveReloadServer - Unable to start LiveReload server
2023-07-19 23:07:13.456 [restartedMain] WARN 
                com.netflix.config.sources.URLConfigurationSource - No URLs will be polled as dynamic configuration sources.
2023-07-19 23:07:13.460 [restartedMain] WARN 
                com.netflix.config.sources.URLConfigurationSource - No URLs will be polled as dynamic configuration sources.
2023-07-19 23:07:13.583 [restartedMain] WARN 
                o.s.b.d.autoconfigure.OptionalLiveReloadServer - Unable to start LiveReload server
2023-07-19 23:13:58.805 [restartedMain] WARN 
                com.netflix.config.sources.URLConfigurationSource - No URLs will be polled as dynamic configuration sources.
2023-07-19 23:13:58.809 [restartedMain] WARN 
                com.netflix.config.sources.URLConfigurationSource - No URLs will be polled as dynamic configuration sources.
2023-07-19 23:17:40.250 [restartedMain] WARN 
                com.netflix.config.sources.URLConfigurationSource - No URLs will be polled as dynamic configuration sources.
2023-07-19 23:17:40.254 [restartedMain] WARN 
                com.netflix.config.sources.URLConfigurationSource - No URLs will be polled as dynamic configuration sources.
2023-07-19 23:19:27.714 [restartedMain] WARN 
                com.netflix.config.sources.URLConfigurationSource - No URLs will be polled as dynamic configuration sources.
2023-07-19 23:19:27.718 [restartedMain] WARN 
                com.netflix.config.sources.URLConfigurationSource - No URLs will be polled as dynamic configuration sources.
2023-07-19 23:22:54.822 [restartedMain] WARN 
                com.netflix.config.sources.URLConfigurationSource - No URLs will be polled as dynamic configuration sources.
2023-07-19 23:22:54.827 [restartedMain] WARN 
                com.netflix.config.sources.URLConfigurationSource - No URLs will be polled as dynamic configuration sources.
2023-07-19 23:22:54.952 [restartedMain] WARN 
                o.s.b.d.autoconfigure.OptionalLiveReloadServer - Unable to start LiveReload server
2023-07-19 23:32:06.821 [restartedMain] WARN 
                com.netflix.config.sources.URLConfigurationSource - No URLs will be polled as dynamic configuration sources.
2023-07-19 23:32:06.825 [restartedMain] WARN 
                com.netflix.config.sources.URLConfigurationSource - No URLs will be polled as dynamic configuration sources.
2023-07-20 00:06:44.440 [restartedMain] WARN 
                com.netflix.config.sources.URLConfigurationSource - No URLs will be polled as dynamic configuration sources.
2023-07-20 00:06:44.446 [restartedMain] WARN 
                com.netflix.config.sources.URLConfigurationSource - No URLs will be polled as dynamic configuration sources.
2023-07-20 10:01:52.025 [restartedMain] WARN 
                com.netflix.config.sources.URLConfigurationSource - No URLs will be polled as dynamic configuration sources.
2023-07-20 10:01:52.029 [restartedMain] WARN 
                com.netflix.config.sources.URLConfigurationSource - No URLs will be polled as dynamic configuration sources.
2023-07-20 13:19:24.532 [restartedMain] WARN 
                o.s.b.w.s.c.AnnotationConfigServletWebServerApplicationContext - Exception encountered during context initialization - cancelling refresh attempt: org.springframework.beans.factory.UnsatisfiedDependencyException: Error creating bean with name 'dictController': Unsatisfied dependency expressed through field 'dictService'; nested exception is org.springframework.beans.factory.BeanCreationException: Error creating bean with name 'dictServiceImpl': Lookup method resolution failed; nested exception is java.lang.IllegalStateException: Failed to introspect Class [com.chen.yygh.cmn.service.impl.DictServiceImpl] from ClassLoader [org.springframework.boot.devtools.restart.classloader.RestartClassLoader@47c3815b]
2023-07-20 13:19:35.155 [restartedMain] WARN 
                com.netflix.config.sources.URLConfigurationSource - No URLs will be polled as dynamic configuration sources.
2023-07-20 13:20:22.917 [restartedMain] WARN 
                com.netflix.config.sources.URLConfigurationSource - No URLs will be polled as dynamic configuration sources.
2023-07-20 13:20:22.920 [restartedMain] WARN 
                com.netflix.config.sources.URLConfigurationSource - No URLs will be polled as dynamic configuration sources.
2023-07-20 13:20:23.040 [restartedMain] WARN 
                o.s.b.d.autoconfigure.OptionalLiveReloadServer - Unable to start LiveReload server
2023-07-20 13:23:51.391 [restartedMain] WARN 
                o.s.b.w.s.c.AnnotationConfigServletWebServerApplicationContext - Exception encountered during context initialization - cancelling refresh attempt: org.springframework.beans.factory.UnsatisfiedDependencyException: Error creating bean with name 'dictController': Unsatisfied dependency expressed through field 'dictService'; nested exception is org.springframework.beans.factory.BeanCreationException: Error creating bean with name 'dictServiceImpl': Lookup method resolution failed; nested exception is java.lang.IllegalStateException: Failed to introspect Class [com.chen.yygh.cmn.service.impl.DictServiceImpl] from ClassLoader [org.springframework.boot.devtools.restart.classloader.RestartClassLoader@1db6a7cd]
2023-07-20 13:23:51.535 [restartedMain] WARN 
                o.s.b.w.s.c.AnnotationConfigServletWebServerApplicationContext - Exception encountered during context initialization - cancelling refresh attempt: org.springframework.beans.factory.BeanCreationException: Error creating bean with name 'hospitalSetController': Lookup method resolution failed; nested exception is java.lang.IllegalStateException: Failed to introspect Class [com.chen.yygh.hosp.controller.HospitalSetController] from ClassLoader [org.springframework.boot.devtools.restart.classloader.RestartClassLoader@35ba4550]
2023-07-20 13:24:00.729 [restartedMain] WARN 
                com.netflix.config.sources.URLConfigurationSource - No URLs will be polled as dynamic configuration sources.
2023-07-20 13:24:01.344 [restartedMain] WARN 
                com.netflix.config.sources.URLConfigurationSource - No URLs will be polled as dynamic configuration sources.
2023-07-20 13:24:01.405 [restartedMain] WARN 
                o.s.b.d.autoconfigure.OptionalLiveReloadServer - Unable to start LiveReload server
2023-07-20 13:26:16.877 [restartedMain] WARN 
                o.s.b.w.s.c.AnnotationConfigServletWebServerApplicationContext - Exception encountered during context initialization - cancelling refresh attempt: org.springframework.beans.factory.BeanCreationException: Error creating bean with name 'hospitalSetController': Lookup method resolution failed; nested exception is java.lang.IllegalStateException: Failed to introspect Class [com.chen.yygh.hosp.controller.HospitalSetController] from ClassLoader [org.springframework.boot.devtools.restart.classloader.RestartClassLoader@5b4c960b]
2023-07-20 13:26:17.176 [restartedMain] WARN 
                o.s.b.w.s.c.AnnotationConfigServletWebServerApplicationContext - Exception encountered during context initialization - cancelling refresh attempt: org.springframework.beans.factory.UnsatisfiedDependencyException: Error creating bean with name 'dictController': Unsatisfied dependency expressed through field 'dictService'; nested exception is org.springframework.beans.factory.BeanCreationException: Error creating bean with name 'dictServiceImpl': Lookup method resolution failed; nested exception is java.lang.IllegalStateException: Failed to introspect Class [com.chen.yygh.cmn.service.impl.DictServiceImpl] from ClassLoader [org.springframework.boot.devtools.restart.classloader.RestartClassLoader@7abc2b97]
2023-07-20 13:26:30.457 [restartedMain] WARN 
                com.netflix.config.sources.URLConfigurationSource - No URLs will be polled as dynamic configuration sources.
2023-07-20 13:26:30.861 [restartedMain] WARN 
                com.netflix.config.sources.URLConfigurationSource - No URLs will be polled as dynamic configuration sources.
2023-07-20 13:26:30.968 [restartedMain] WARN 
                o.s.b.d.autoconfigure.OptionalLiveReloadServer - Unable to start LiveReload server
2023-07-20 13:32:32.544 [http-nio-8202-exec-1] WARN 
                o.s.w.s.m.m.a.ExceptionHandlerExceptionResolver - Resolved [org.springframework.data.redis.RedisConnectionFailureException: Unable to connect to Redis; nested exception is io.lettuce.core.RedisConnectionException: Unable to connect to localhost:6379]
2023-07-20 13:47:22.619 [restartedMain] WARN 
                com.netflix.config.sources.URLConfigurationSource - No URLs will be polled as dynamic configuration sources.
2023-07-20 13:48:10.748 [http-nio-8202-exec-1] WARN 
                o.s.w.s.m.m.a.ExceptionHandlerExceptionResolver - Resolved [com.alibaba.excel.exception.ExcelAnalysisException: 
### Error updating database.  Cause: com.mysql.jdbc.exceptions.jdbc4.MySQLIntegrityConstraintViolationException: Duplicate entry '40000' for key 'PRIMARY'
### The error may exist in com/chen/yygh/cmn/mapper/DictMapper.java (best guess)
### The error may involve com.chen.yygh.cmn.mapper.DictMapper.insert-Inline
### The error occurred while setting parameters
### SQL: INSERT INTO dict  ( id, create_time,   parent_id, name, value, dict_code )  VALUES  ( ?, ?,   ?, ?, ?, ? )
### Cause: com.mysql.jdbc.exceptions.jdbc4.MySQLIntegrityConstraintViolationException: Duplicate entry '40000' for key 'PRIMARY'
; Duplicate entry '40000' for key 'PRIMARY'; nested exception is com.mysql.jdbc.exceptions.jdbc4.MySQLIntegrityConstraintViolationException: Duplicate entry '40000' for key 'PRIMARY']
2023-07-20 16:13:50.067 [lettuce-nioEventLoop-15-2] WARN 
                io.lettuce.core.protocol.ConnectionWatchdog - Cannot reconnect to [192.168.65.148:6379]: connection timed out: /192.168.65.148:6379
2023-07-20 16:14:00.163 [lettuce-nioEventLoop-15-3] WARN 
                io.lettuce.core.protocol.ConnectionWatchdog - Cannot reconnect to [192.168.65.148:6379]: connection timed out: /192.168.65.148:6379
2023-07-20 16:14:10.263 [lettuce-nioEventLoop-15-4] WARN 
                io.lettuce.core.protocol.ConnectionWatchdog - Cannot reconnect to [192.168.65.148:6379]: connection timed out: /192.168.65.148:6379
2023-07-20 16:14:20.363 [lettuce-nioEventLoop-15-5] WARN 
                io.lettuce.core.protocol.ConnectionWatchdog - Cannot reconnect to [192.168.65.148:6379]: connection timed out: /192.168.65.148:6379
2023-07-20 16:14:30.462 [lettuce-nioEventLoop-15-6] WARN 
                io.lettuce.core.protocol.ConnectionWatchdog - Cannot reconnect to [192.168.65.148:6379]: connection timed out: /192.168.65.148:6379
2023-07-20 16:14:40.566 [lettuce-nioEventLoop-15-7] WARN 
                io.lettuce.core.protocol.ConnectionWatchdog - Cannot reconnect to [192.168.65.148:6379]: connection timed out: /192.168.65.148:6379
2023-07-20 16:14:50.656 [lettuce-nioEventLoop-15-8] WARN 
                io.lettuce.core.protocol.ConnectionWatchdog - Cannot reconnect to [192.168.65.148:6379]: connection timed out: /192.168.65.148:6379
2023-07-20 16:15:00.863 [lettuce-nioEventLoop-15-1] WARN 
                io.lettuce.core.protocol.ConnectionWatchdog - Cannot reconnect to [192.168.65.148:6379]: connection timed out: /192.168.65.148:6379
2023-07-20 16:15:11.150 [lettuce-nioEventLoop-15-2] WARN 
                io.lettuce.core.protocol.ConnectionWatchdog - Cannot reconnect to [192.168.65.148:6379]: connection timed out: /192.168.65.148:6379
2023-07-20 16:15:21.756 [lettuce-nioEventLoop-15-3] WARN 
                io.lettuce.core.protocol.ConnectionWatchdog - Cannot reconnect to [192.168.65.148:6379]: connection timed out: /192.168.65.148:6379
2023-07-20 16:15:32.862 [lettuce-nioEventLoop-15-4] WARN 
                io.lettuce.core.protocol.ConnectionWatchdog - Cannot reconnect to [192.168.65.148:6379]: connection timed out: /192.168.65.148:6379
2023-07-20 16:15:44.963 [lettuce-nioEventLoop-15-5] WARN 
                io.lettuce.core.protocol.ConnectionWatchdog - Cannot reconnect to [192.168.65.148:6379]: connection timed out: /192.168.65.148:6379
2023-07-20 16:15:59.151 [lettuce-nioEventLoop-15-6] WARN 
                io.lettuce.core.protocol.ConnectionWatchdog - Cannot reconnect to [192.168.65.148:6379]: connection timed out: /192.168.65.148:6379
2023-07-20 16:16:17.357 [lettuce-nioEventLoop-15-7] WARN 
                io.lettuce.core.protocol.ConnectionWatchdog - Cannot reconnect to [192.168.65.148:6379]: connection timed out: /192.168.65.148:6379
2023-07-20 16:16:43.768 [lettuce-nioEventLoop-15-8] WARN 
                io.lettuce.core.protocol.ConnectionWatchdog - Cannot reconnect to [192.168.65.148:6379]: connection timed out: /192.168.65.148:6379
2023-07-20 16:17:23.857 [lettuce-nioEventLoop-15-1] WARN 
                io.lettuce.core.protocol.ConnectionWatchdog - Cannot reconnect to [192.168.65.148:6379]: connection timed out: /192.168.65.148:6379
2023-07-20 16:18:03.963 [lettuce-nioEventLoop-15-2] WARN 
                io.lettuce.core.protocol.ConnectionWatchdog - Cannot reconnect to [192.168.65.148:6379]: connection timed out: /192.168.65.148:6379
2023-07-20 16:18:44.063 [lettuce-nioEventLoop-15-3] WARN 
                io.lettuce.core.protocol.ConnectionWatchdog - Cannot reconnect to [192.168.65.148:6379]: connection timed out: /192.168.65.148:6379
2023-07-20 16:19:24.173 [lettuce-nioEventLoop-15-4] WARN 
                io.lettuce.core.protocol.ConnectionWatchdog - Cannot reconnect to [192.168.65.148:6379]: connection timed out: /192.168.65.148:6379
2023-07-20 16:20:04.267 [lettuce-nioEventLoop-15-5] WARN 
                io.lettuce.core.protocol.ConnectionWatchdog - Cannot reconnect to [192.168.65.148:6379]: connection timed out: /192.168.65.148:6379
2023-07-20 16:20:44.357 [lettuce-nioEventLoop-15-6] WARN 
                io.lettuce.core.protocol.ConnectionWatchdog - Cannot reconnect to [192.168.65.148:6379]: connection timed out: /192.168.65.148:6379
2023-07-20 16:21:24.462 [lettuce-nioEventLoop-15-7] WARN 
                io.lettuce.core.protocol.ConnectionWatchdog - Cannot reconnect to [192.168.65.148:6379]: connection timed out: /192.168.65.148:6379
2023-07-20 16:22:04.564 [lettuce-nioEventLoop-15-8] WARN 
                io.lettuce.core.protocol.ConnectionWatchdog - Cannot reconnect to [192.168.65.148:6379]: connection timed out: /192.168.65.148:6379
2023-07-20 16:22:44.657 [lettuce-nioEventLoop-15-1] WARN 
                io.lettuce.core.protocol.ConnectionWatchdog - Cannot reconnect to [192.168.65.148:6379]: connection timed out: /192.168.65.148:6379
2023-07-20 16:23:24.751 [lettuce-nioEventLoop-15-2] WARN 
                io.lettuce.core.protocol.ConnectionWatchdog - Cannot reconnect to [192.168.65.148:6379]: connection timed out: /192.168.65.148:6379
2023-07-20 16:24:04.865 [lettuce-nioEventLoop-15-3] WARN 
                io.lettuce.core.protocol.ConnectionWatchdog - Cannot reconnect to [192.168.65.148:6379]: connection timed out: /192.168.65.148:6379
2023-07-20 16:24:44.959 [lettuce-nioEventLoop-15-4] WARN 
                io.lettuce.core.protocol.ConnectionWatchdog - Cannot reconnect to [192.168.65.148:6379]: connection timed out: /192.168.65.148:6379
2023-07-20 16:25:25.060 [lettuce-nioEventLoop-15-5] WARN 
                io.lettuce.core.protocol.ConnectionWatchdog - Cannot reconnect to [192.168.65.148:6379]: connection timed out: /192.168.65.148:6379
2023-07-20 16:26:05.167 [lettuce-nioEventLoop-15-6] WARN 
                io.lettuce.core.protocol.ConnectionWatchdog - Cannot reconnect to [192.168.65.148:6379]: connection timed out: /192.168.65.148:6379
2023-07-20 16:26:45.251 [lettuce-nioEventLoop-15-7] WARN 
                io.lettuce.core.protocol.ConnectionWatchdog - Cannot reconnect to [192.168.65.148:6379]: connection timed out: /192.168.65.148:6379
2023-07-20 16:27:25.360 [lettuce-nioEventLoop-15-8] WARN 
                io.lettuce.core.protocol.ConnectionWatchdog - Cannot reconnect to [192.168.65.148:6379]: connection timed out: /192.168.65.148:6379
2023-07-20 16:28:05.454 [lettuce-nioEventLoop-15-1] WARN 
                io.lettuce.core.protocol.ConnectionWatchdog - Cannot reconnect to [192.168.65.148:6379]: connection timed out: /192.168.65.148:6379
2023-07-20 16:28:45.558 [lettuce-nioEventLoop-15-2] WARN 
                io.lettuce.core.protocol.ConnectionWatchdog - Cannot reconnect to [192.168.65.148:6379]: connection timed out: /192.168.65.148:6379
2023-07-20 16:29:25.659 [lettuce-nioEventLoop-15-3] WARN 
                io.lettuce.core.protocol.ConnectionWatchdog - Cannot reconnect to [192.168.65.148:6379]: connection timed out: /192.168.65.148:6379
2023-07-20 16:30:05.758 [lettuce-nioEventLoop-15-4] WARN 
                io.lettuce.core.protocol.ConnectionWatchdog - Cannot reconnect to [192.168.65.148:6379]: connection timed out: /192.168.65.148:6379
2023-07-20 16:30:45.853 [lettuce-nioEventLoop-15-5] WARN 
                io.lettuce.core.protocol.ConnectionWatchdog - Cannot reconnect to [192.168.65.148:6379]: connection timed out: /192.168.65.148:6379
2023-07-20 16:31:25.950 [lettuce-nioEventLoop-15-6] WARN 
                io.lettuce.core.protocol.ConnectionWatchdog - Cannot reconnect to [192.168.65.148:6379]: connection timed out: /192.168.65.148:6379
2023-07-20 16:32:06.067 [lettuce-nioEventLoop-15-7] WARN 
                io.lettuce.core.protocol.ConnectionWatchdog - Cannot reconnect to [192.168.65.148:6379]: connection timed out: /192.168.65.148:6379
2023-07-20 16:32:46.152 [lettuce-nioEventLoop-15-8] WARN 
                io.lettuce.core.protocol.ConnectionWatchdog - Cannot reconnect to [192.168.65.148:6379]: connection timed out: /192.168.65.148:6379
2023-07-20 16:33:26.263 [lettuce-nioEventLoop-15-1] WARN 
                io.lettuce.core.protocol.ConnectionWatchdog - Cannot reconnect to [192.168.65.148:6379]: connection timed out: /192.168.65.148:6379
2023-07-20 16:34:06.368 [lettuce-nioEventLoop-15-2] WARN 
                io.lettuce.core.protocol.ConnectionWatchdog - Cannot reconnect to [192.168.65.148:6379]: connection timed out: /192.168.65.148:6379
2023-07-20 16:34:46.467 [lettuce-nioEventLoop-15-3] WARN 
                io.lettuce.core.protocol.ConnectionWatchdog - Cannot reconnect to [192.168.65.148:6379]: connection timed out: /192.168.65.148:6379
2023-07-20 16:35:26.557 [lettuce-nioEventLoop-15-4] WARN 
                io.lettuce.core.protocol.ConnectionWatchdog - Cannot reconnect to [192.168.65.148:6379]: connection timed out: /192.168.65.148:6379
2023-07-20 16:36:06.657 [lettuce-nioEventLoop-15-5] WARN 
                io.lettuce.core.protocol.ConnectionWatchdog - Cannot reconnect to [192.168.65.148:6379]: connection timed out: /192.168.65.148:6379
2023-07-20 16:36:46.768 [lettuce-nioEventLoop-15-6] WARN 
                io.lettuce.core.protocol.ConnectionWatchdog - Cannot reconnect to [192.168.65.148:6379]: connection timed out: /192.168.65.148:6379
2023-07-20 16:37:26.866 [lettuce-nioEventLoop-15-7] WARN 
                io.lettuce.core.protocol.ConnectionWatchdog - Cannot reconnect to [192.168.65.148:6379]: connection timed out: /192.168.65.148:6379
2023-07-20 16:38:06.956 [lettuce-nioEventLoop-15-8] WARN 
                io.lettuce.core.protocol.ConnectionWatchdog - Cannot reconnect to [192.168.65.148:6379]: connection timed out: /192.168.65.148:6379
2023-07-20 16:38:47.051 [lettuce-nioEventLoop-15-1] WARN 
                io.lettuce.core.protocol.ConnectionWatchdog - Cannot reconnect to [192.168.65.148:6379]: connection timed out: /192.168.65.148:6379
2023-07-20 16:39:27.161 [lettuce-nioEventLoop-15-2] WARN 
                io.lettuce.core.protocol.ConnectionWatchdog - Cannot reconnect to [192.168.65.148:6379]: connection timed out: /192.168.65.148:6379
2023-07-20 16:40:07.255 [lettuce-nioEventLoop-15-3] WARN 
                io.lettuce.core.protocol.ConnectionWatchdog - Cannot reconnect to [192.168.65.148:6379]: connection timed out: /192.168.65.148:6379
2023-07-20 16:40:47.349 [lettuce-nioEventLoop-15-4] WARN 
                io.lettuce.core.protocol.ConnectionWatchdog - Cannot reconnect to [192.168.65.148:6379]: connection timed out: /192.168.65.148:6379
2023-07-20 16:41:27.458 [lettuce-nioEventLoop-15-5] WARN 
                io.lettuce.core.protocol.ConnectionWatchdog - Cannot reconnect to [192.168.65.148:6379]: connection timed out: /192.168.65.148:6379
2023-07-20 16:42:07.557 [lettuce-nioEventLoop-15-6] WARN 
                io.lettuce.core.protocol.ConnectionWatchdog - Cannot reconnect to [192.168.65.148:6379]: connection timed out: /192.168.65.148:6379
2023-07-20 16:42:47.671 [lettuce-nioEventLoop-15-7] WARN 
                io.lettuce.core.protocol.ConnectionWatchdog - Cannot reconnect to [192.168.65.148:6379]: connection timed out: /192.168.65.148:6379
2023-07-20 16:43:27.754 [lettuce-nioEventLoop-15-8] WARN 
                io.lettuce.core.protocol.ConnectionWatchdog - Cannot reconnect to [192.168.65.148:6379]: connection timed out: /192.168.65.148:6379
2023-07-20 16:44:07.859 [lettuce-nioEventLoop-15-1] WARN 
                io.lettuce.core.protocol.ConnectionWatchdog - Cannot reconnect to [192.168.65.148:6379]: connection timed out: /192.168.65.148:6379
2023-07-20 16:44:47.967 [lettuce-nioEventLoop-15-2] WARN 
                io.lettuce.core.protocol.ConnectionWatchdog - Cannot reconnect to [192.168.65.148:6379]: connection timed out: /192.168.65.148:6379
2023-07-20 17:27:59.503 [restartedMain] WARN 
                org.mybatis.spring.mapper.ClassPathMapperScanner - No MyBatis mapper was found in '[com.chen.yygh.cmn]' package. Please check your configuration.
2023-07-20 17:27:59.918 [restartedMain] WARN 
                com.netflix.config.sources.URLConfigurationSource - No URLs will be polled as dynamic configuration sources.
2023-07-20 17:28:25.366 [restartedMain] WARN 
                com.netflix.config.sources.URLConfigurationSource - No URLs will be polled as dynamic configuration sources.
2023-07-20 17:28:25.371 [restartedMain] WARN 
                com.netflix.config.sources.URLConfigurationSource - No URLs will be polled as dynamic configuration sources.
2023-07-21 18:12:24.771 [restartedMain] WARN  org.mybatis.spring.mapper.ClassPathMapperScanner - No MyBatis mapper was found in '[com.atguigu.hospital.mapper]' package. Please check your configuration.
2023-07-21 18:12:26.695 [restartedMain] WARN  o.s.b.d.autoconfigure.OptionalLiveReloadServer - Unable to start LiveReload server
2023-07-21 18:12:26.759 [restartedMain] WARN  org.thymeleaf.templatemode.TemplateMode - [THYMELEAF][restartedMain] Template Mode 'LEGACYHTML5' is deprecated. Using Template Mode 'HTML' instead.
